<?xml version="1.0" encoding="UTF-8"?>
<!-- Generated by org.testng.reporters.JUnitXMLReporter -->
<testsuite hostname="VKULAGERIX88KU0" ignored="0" name="Test" tests="3" failures="0" timestamp="05 Mar 2019 15:19:15 GMT" time="101.754" errors="0">
  <testcase name="testValidLogin" time="10.267" classname="script.ValidLogin"/>
  <testcase name="testInvalidLogin" time="15.733" classname="script.InvalidLogin"/>
  <testcase name="testCheckIssueDate" time="10.671" classname="script.CheckIssueDate"/>
</testsuite> <!-- Test -->
